[debug] [2021-11-07T02:25:58.860Z] ----------------------------------------------------------------------
[debug] [2021-11-07T02:25:58.863Z] Command:       C:\Program Files\nodejs\node.exe C:\Users\anasa\AppData\Roaming\npm\node_modules\firebase-tools\lib\bin\firebase.js init
[debug] [2021-11-07T02:25:58.863Z] CLI Version:   9.22.0
[debug] [2021-11-07T02:25:58.863Z] Platform:      win32
[debug] [2021-11-07T02:25:58.863Z] Node Version:  v17.0.1
[debug] [2021-11-07T02:25:58.865Z] Time:          Sat Nov 06 2021 19:25:58 GMT-0700 (Pacific Daylight Time)
[debug] [2021-11-07T02:25:58.865Z] ----------------------------------------------------------------------
[debug] 
[debug] [2021-11-07T02:25:58.874Z] > command requires scopes: ["email","openid","https://www.googleapis.com/auth/cloudplatformprojects.readonly","https://www.googleapis.com/auth/firebase","https://www.googleapis.com/auth/cloud-platform"]
[debug] [2021-11-07T02:25:58.875Z] > authorizing via signed-in user (anassajid513@gmail.com)
[info] 
     ######## #### ########  ######## ########     ###     ######  ########
     ##        ##  ##     ## ##       ##     ##  ##   ##  ##       ##
     ######    ##  ########  ######   ########  #########  ######  ######
     ##        ##  ##    ##  ##       ##     ## ##     ##       ## ##
     ##       #### ##     ## ######## ########  ##     ##  ######  ########

You're about to initialize a Firebase project in this directory:

  D:\ps

[info] 
=== Project Setup
[info] 
[info] First, let's associate this project directory with a Firebase project.
[info] You can create multiple project aliases by running firebase use --add, 
[info] but for now we'll just set up a default project.
[info] 
[debug] [2021-11-07T02:27:39.428Z] >>> [apiv2][query] GET https://firebase.googleapis.com/v1beta1/projects pageSize=100
[debug] [2021-11-07T02:27:40.365Z] <<< [apiv2][status] GET https://firebase.googleapis.com/v1beta1/projects 200
[debug] [2021-11-07T02:27:40.365Z] <<< [apiv2][body] GET https://firebase.googleapis.com/v1beta1/projects [omitted]
[info] i  Using project hostwebsite-69fcd (hostwebsite) 
[info] 
=== Hosting Setup
[info] 
[info] Your public directory is the folder (relative to your project directory) that
[info] will contain Hosting assets to be uploaded with firebase deploy. If you
[info] have a build process for your assets, use your build's output directory.
[info] 
